<?xml version="1.0" encoding="UTF-8"?>
<testsuite xmlns:xsi="http://www.w3.org/2001/XMLSchema-instance" xsi:noNamespaceSchemaLocation="https://maven.apache.org/surefire/maven-surefire-plugin/xsd/surefire-test-report.xsd" name="TestSuite" time="20.367" tests="21" errors="0" skipped="0" failures="0">
  <properties>
[...]
</properties>
  <testcase name="loginPageTitleTest" classname="com.qa.opencart.tests.LoginPageTest" time="0.314"/>
  <testcase name="loginPageUrlTest" classname="com.qa.opencart.tests.LoginPageTest" time="0.017"/>
  <testcase name="forgotPwdLinkExistTest" classname="com.qa.opencart.tests.LoginPageTest" time="0.473"/>
  <testcase name="loginTest" classname="com.qa.opencart.tests.LoginPageTest" time="1.345"/>
  <testcase name="accPageHeadersTest" classname="com.qa.opencart.tests.AccountsPageTest" time="0.154"/>
  <testcase name="accPageTitleTest" classname="com.qa.opencart.tests.AccountsPageTest" time="0.015"/>
  <testcase name="searchTest" classname="com.qa.opencart.tests.AccountsPageTest" time="0.415"/>
  <testcase name="searchTest" classname="com.qa.opencart.tests.AccountsPageTest" time="0.009"/>
  <testcase name="searchTest" classname="com.qa.opencart.tests.AccountsPageTest" time="0.385"/>
  <testcase name="searchTest" classname="com.qa.opencart.tests.AccountsPageTest" time="0.376"/>
  <testcase name="productHeaderTest" classname="com.qa.opencart.tests.ProductInfoPageTest" time="0.471"/>
  <testcase name="productHeaderTest" classname="com.qa.opencart.tests.ProductInfoPageTest" time="0.953"/>
  <testcase name="productHeaderTest" classname="com.qa.opencart.tests.ProductInfoPageTest" time="1.146"/>
  <testcase name="productHeaderTest" classname="com.qa.opencart.tests.ProductInfoPageTest" time="0.636"/>
  <testcase name="productHeaderTest" classname="com.qa.opencart.tests.ProductInfoPageTest" time="0.801"/>
  <testcase name="productImageCountTest" classname="com.qa.opencart.tests.ProductInfoPageTest" time="0.721"/>
  <testcase name="productImageCountTest" classname="com.qa.opencart.tests.ProductInfoPageTest" time="0.571"/>
  <testcase name="productImageCountTest" classname="com.qa.opencart.tests.ProductInfoPageTest" time="0.655"/>
  <testcase name="productImageCountTest" classname="com.qa.opencart.tests.ProductInfoPageTest" time="0.597"/>
  <testcase name="productImageCountTest" classname="com.qa.opencart.tests.ProductInfoPageTest" time="0.574"/>
  <testcase name="productInfoTest" classname="com.qa.opencart.tests.ProductInfoPageTest" time="0.676"/>
</testsuite>