<?xml version="1.0" encoding="UTF-8"?>
<testng-results ignored="0" total="21" passed="21" failed="0" skipped="0">
  <reporter-output>
  </reporter-output>
  <suite started-at="2024-06-27T06:33:12 PDT" name="Open Cart App Test Regression Suite" finished-at="2024-06-27T06:33:32 PDT" duration-ms="19635">
    <groups>
    </groups>
    <test started-at="2024-06-27T06:33:12 PDT" name=" Login Page Test" finished-at="2024-06-27T06:33:19 PDT" duration-ms="6228">
      <class name="com.qa.opencart.tests.LoginPageTest">
        <test-method is-config="true" signature="setUp(java.lang.String)[pri:0, instance:com.qa.opencart.tests.LoginPageTest@28e8dde3]" started-at="2024-06-27T06:33:12 PDT" name="setUp" finished-at="2024-06-27T06:33:16 PDT" duration-ms="3348" status="PASS">
          <params>
            <param index="0">
              <value>
                <![CDATA[chrome]]>
              </value>
            </param>
          </params>
          <reporter-output>
          </reporter-output>
        </test-method> <!-- setUp -->
        <test-method signature="loginPageTitleTest()[pri:1, instance:com.qa.opencart.tests.LoginPageTest@28e8dde3]" started-at="2024-06-27T06:33:16 PDT" name="loginPageTitleTest" finished-at="2024-06-27T06:33:16 PDT" duration-ms="65" status="PASS">
          <reporter-output>
          </reporter-output>
        </test-method> <!-- loginPageTitleTest -->
        <test-method signature="loginPageUrlTest()[pri:2, instance:com.qa.opencart.tests.LoginPageTest@28e8dde3]" started-at="2024-06-27T06:33:16 PDT" name="loginPageUrlTest" finished-at="2024-06-27T06:33:16 PDT" duration-ms="16" status="PASS">
          <reporter-output>
          </reporter-output>
        </test-method> <!-- loginPageUrlTest -->
        <test-method signature="forgotPwdLinkExistTest()[pri:3, instance:com.qa.opencart.tests.LoginPageTest@28e8dde3]" started-at="2024-06-27T06:33:16 PDT" name="forgotPwdLinkExistTest" finished-at="2024-06-27T06:33:16 PDT" duration-ms="34" status="PASS">
          <reporter-output>
          </reporter-output>
        </test-method> <!-- forgotPwdLinkExistTest -->
        <test-method signature="loginTest()[pri:4, instance:com.qa.opencart.tests.LoginPageTest@28e8dde3]" started-at="2024-06-27T06:33:17 PDT" name="loginTest" finished-at="2024-06-27T06:33:17 PDT" duration-ms="717" status="PASS">
          <reporter-output>
          </reporter-output>
        </test-method> <!-- loginTest -->
        <test-method is-config="true" signature="tearDown()[pri:0, instance:com.qa.opencart.tests.LoginPageTest@28e8dde3]" started-at="2024-06-27T06:33:18 PDT" name="tearDown" finished-at="2024-06-27T06:33:19 PDT" duration-ms="643" status="PASS">
          <reporter-output>
          </reporter-output>
        </test-method> <!-- tearDown -->
      </class> <!-- com.qa.opencart.tests.LoginPageTest -->
    </test> <!--  Login Page Test -->
    <test started-at="2024-06-27T06:33:12 PDT" name="Account Page Test" finished-at="2024-06-27T06:33:27 PDT" duration-ms="14208">
      <class name="com.qa.opencart.tests.AccountsPageTest">
        <test-method is-config="true" signature="setUp(java.lang.String)[pri:0, instance:com.qa.opencart.tests.AccountsPageTest@2c532cd8]" started-at="2024-06-27T06:33:12 PDT" name="setUp" finished-at="2024-06-27T06:33:21 PDT" duration-ms="8998" status="PASS">
          <params>
            <param index="0">
              <value>
                <![CDATA[firefox]]>
              </value>
            </param>
          </params>
          <reporter-output>
          </reporter-output>
        </test-method> <!-- setUp -->
        <test-method is-config="true" signature="accPageSetup()[pri:0, instance:com.qa.opencart.tests.AccountsPageTest@2c532cd8]" started-at="2024-06-27T06:33:21 PDT" name="accPageSetup" finished-at="2024-06-27T06:33:22 PDT" depends-on-methods="com.qa.opencart.base.BaseTest.setUp" duration-ms="554" status="PASS">
          <reporter-output>
          </reporter-output>
        </test-method> <!-- accPageSetup -->
        <test-method signature="accPageHeadersTest()[pri:0, instance:com.qa.opencart.tests.AccountsPageTest@2c532cd8]" started-at="2024-06-27T06:33:22 PDT" name="accPageHeadersTest" finished-at="2024-06-27T06:33:22 PDT" duration-ms="152" status="PASS">
          <reporter-output>
          </reporter-output>
        </test-method> <!-- accPageHeadersTest -->
        <test-method signature="accPageTitleTest()[pri:0, instance:com.qa.opencart.tests.AccountsPageTest@2c532cd8]" started-at="2024-06-27T06:33:22 PDT" name="accPageTitleTest" finished-at="2024-06-27T06:33:22 PDT" duration-ms="13" status="PASS">
          <reporter-output>
          </reporter-output>
        </test-method> <!-- accPageTitleTest -->
        <test-method signature="searchTest(java.lang.String, int)[pri:0, instance:com.qa.opencart.tests.AccountsPageTest@2c532cd8]" started-at="2024-06-27T06:33:22 PDT" name="searchTest" data-provider="getSearchData" finished-at="2024-06-27T06:33:23 PDT" duration-ms="416" status="PASS">
          <params>
            <param index="0">
              <value>
                <![CDATA[macbook]]>
              </value>
            </param>
            <param index="1">
              <value>
                <![CDATA[3]]>
              </value>
            </param>
          </params>
          <reporter-output>
          </reporter-output>
        </test-method> <!-- searchTest -->
        <test-method signature="searchTest(java.lang.String, int)[pri:0, instance:com.qa.opencart.tests.AccountsPageTest@2c532cd8]" started-at="2024-06-27T06:33:23 PDT" name="searchTest" data-provider="getSearchData" finished-at="2024-06-27T06:33:23 PDT" duration-ms="483" status="PASS">
          <params>
            <param index="0">
              <value>
                <![CDATA[imac]]>
              </value>
            </param>
            <param index="1">
              <value>
                <![CDATA[1]]>
              </value>
            </param>
          </params>
          <reporter-output>
          </reporter-output>
        </test-method> <!-- searchTest -->
        <test-method signature="searchTest(java.lang.String, int)[pri:0, instance:com.qa.opencart.tests.AccountsPageTest@2c532cd8]" started-at="2024-06-27T06:33:23 PDT" name="searchTest" data-provider="getSearchData" finished-at="2024-06-27T06:33:23 PDT" duration-ms="384" status="PASS">
          <params>
            <param index="0">
              <value>
                <![CDATA[samsung]]>
              </value>
            </param>
            <param index="1">
              <value>
                <![CDATA[2]]>
              </value>
            </param>
          </params>
          <reporter-output>
          </reporter-output>
        </test-method> <!-- searchTest -->
        <test-method signature="searchTest(java.lang.String, int)[pri:0, instance:com.qa.opencart.tests.AccountsPageTest@2c532cd8]" started-at="2024-06-27T06:33:23 PDT" name="searchTest" data-provider="getSearchData" finished-at="2024-06-27T06:33:24 PDT" duration-ms="376" status="PASS">
          <params>
            <param index="0">
              <value>
                <![CDATA[Airtel]]>
              </value>
            </param>
            <param index="1">
              <value>
                <![CDATA[0]]>
              </value>
            </param>
          </params>
          <reporter-output>
          </reporter-output>
        </test-method> <!-- searchTest -->
        <test-method is-config="true" signature="tearDown()[pri:0, instance:com.qa.opencart.tests.AccountsPageTest@2c532cd8]" started-at="2024-06-27T06:33:24 PDT" name="tearDown" finished-at="2024-06-27T06:33:27 PDT" duration-ms="2802" status="PASS">
          <reporter-output>
          </reporter-output>
        </test-method> <!-- tearDown -->
      </class> <!-- com.qa.opencart.tests.AccountsPageTest -->
    </test> <!-- Account Page Test -->
    <test started-at="2024-06-27T06:33:12 PDT" name="Product Information Page Test" finished-at="2024-06-27T06:33:32 PDT" duration-ms="19635">
      <class name="com.qa.opencart.tests.ProductInfoPageTest">
        <test-method is-config="true" signature="setUp(java.lang.String)[pri:0, instance:com.qa.opencart.tests.ProductInfoPageTest@23fb172e]" started-at="2024-06-27T06:33:12 PDT" name="setUp" finished-at="2024-06-27T06:33:21 PDT" duration-ms="8473" status="PASS">
          <params>
            <param index="0">
              <value>
                <![CDATA[edge]]>
              </value>
            </param>
          </params>
          <reporter-output>
          </reporter-output>
        </test-method> <!-- setUp -->
        <test-method is-config="true" signature="productInfoPagesetUp()[pri:0, instance:com.qa.opencart.tests.ProductInfoPageTest@23fb172e]" started-at="2024-06-27T06:33:21 PDT" name="productInfoPagesetUp" finished-at="2024-06-27T06:33:21 PDT" duration-ms="631" status="PASS">
          <reporter-output>
          </reporter-output>
        </test-method> <!-- productInfoPagesetUp -->
        <test-method signature="productHeaderTest(java.lang.String, java.lang.String)[pri:0, instance:com.qa.opencart.tests.ProductInfoPageTest@23fb172e]" started-at="2024-06-27T06:33:21 PDT" name="productHeaderTest" data-provider="getProductData" finished-at="2024-06-27T06:33:23 PDT" duration-ms="1505" status="PASS">
          <params>
            <param index="0">
              <value>
                <![CDATA[macbook]]>
              </value>
            </param>
            <param index="1">
              <value>
                <![CDATA[MacBook Pro]]>
              </value>
            </param>
          </params>
          <reporter-output>
          </reporter-output>
        </test-method> <!-- productHeaderTest -->
        <test-method signature="productHeaderTest(java.lang.String, java.lang.String)[pri:0, instance:com.qa.opencart.tests.ProductInfoPageTest@23fb172e]" started-at="2024-06-27T06:33:23 PDT" name="productHeaderTest" data-provider="getProductData" finished-at="2024-06-27T06:33:24 PDT" duration-ms="1352" status="PASS">
          <params>
            <param index="0">
              <value>
                <![CDATA[imac]]>
              </value>
            </param>
            <param index="1">
              <value>
                <![CDATA[iMac]]>
              </value>
            </param>
          </params>
          <reporter-output>
          </reporter-output>
        </test-method> <!-- productHeaderTest -->
        <test-method signature="productHeaderTest(java.lang.String, java.lang.String)[pri:0, instance:com.qa.opencart.tests.ProductInfoPageTest@23fb172e]" started-at="2024-06-27T06:33:24 PDT" name="productHeaderTest" data-provider="getProductData" finished-at="2024-06-27T06:33:25 PDT" duration-ms="1146" status="PASS">
          <params>
            <param index="0">
              <value>
                <![CDATA[samsung]]>
              </value>
            </param>
            <param index="1">
              <value>
                <![CDATA[Samsung SyncMaster 941BW]]>
              </value>
            </param>
          </params>
          <reporter-output>
          </reporter-output>
        </test-method> <!-- productHeaderTest -->
        <test-method signature="productHeaderTest(java.lang.String, java.lang.String)[pri:0, instance:com.qa.opencart.tests.ProductInfoPageTest@23fb172e]" started-at="2024-06-27T06:33:26 PDT" name="productHeaderTest" data-provider="getProductData" finished-at="2024-06-27T06:33:26 PDT" duration-ms="637" status="PASS">
          <params>
            <param index="0">
              <value>
                <![CDATA[samsung]]>
              </value>
            </param>
            <param index="1">
              <value>
                <![CDATA[Samsung Galaxy Tab 10.1]]>
              </value>
            </param>
          </params>
          <reporter-output>
          </reporter-output>
        </test-method> <!-- productHeaderTest -->
        <test-method signature="productHeaderTest(java.lang.String, java.lang.String)[pri:0, instance:com.qa.opencart.tests.ProductInfoPageTest@23fb172e]" started-at="2024-06-27T06:33:26 PDT" name="productHeaderTest" data-provider="getProductData" finished-at="2024-06-27T06:33:27 PDT" duration-ms="801" status="PASS">
          <params>
            <param index="0">
              <value>
                <![CDATA[canon]]>
              </value>
            </param>
            <param index="1">
              <value>
                <![CDATA[Canon EOS 5D]]>
              </value>
            </param>
          </params>
          <reporter-output>
          </reporter-output>
        </test-method> <!-- productHeaderTest -->
        <test-method signature="productImageCountTest(java.lang.String, java.lang.String, int)[pri:0, instance:com.qa.opencart.tests.ProductInfoPageTest@23fb172e]" started-at="2024-06-27T06:33:27 PDT" name="productImageCountTest" data-provider="getProductImageData" finished-at="2024-06-27T06:33:28 PDT" duration-ms="719" status="PASS">
          <params>
            <param index="0">
              <value>
                <![CDATA[macbook]]>
              </value>
            </param>
            <param index="1">
              <value>
                <![CDATA[MacBook Pro]]>
              </value>
            </param>
            <param index="2">
              <value>
                <![CDATA[4]]>
              </value>
            </param>
          </params>
          <reporter-output>
          </reporter-output>
        </test-method> <!-- productImageCountTest -->
        <test-method signature="productImageCountTest(java.lang.String, java.lang.String, int)[pri:0, instance:com.qa.opencart.tests.ProductInfoPageTest@23fb172e]" started-at="2024-06-27T06:33:28 PDT" name="productImageCountTest" data-provider="getProductImageData" finished-at="2024-06-27T06:33:28 PDT" duration-ms="571" status="PASS">
          <params>
            <param index="0">
              <value>
                <![CDATA[imac]]>
              </value>
            </param>
            <param index="1">
              <value>
                <![CDATA[iMac]]>
              </value>
            </param>
            <param index="2">
              <value>
                <![CDATA[3]]>
              </value>
            </param>
          </params>
          <reporter-output>
          </reporter-output>
        </test-method> <!-- productImageCountTest -->
        <test-method signature="productImageCountTest(java.lang.String, java.lang.String, int)[pri:0, instance:com.qa.opencart.tests.ProductInfoPageTest@23fb172e]" started-at="2024-06-27T06:33:28 PDT" name="productImageCountTest" data-provider="getProductImageData" finished-at="2024-06-27T06:33:29 PDT" duration-ms="654" status="PASS">
          <params>
            <param index="0">
              <value>
                <![CDATA[samsung]]>
              </value>
            </param>
            <param index="1">
              <value>
                <![CDATA[Samsung SyncMaster 941BW]]>
              </value>
            </param>
            <param index="2">
              <value>
                <![CDATA[1]]>
              </value>
            </param>
          </params>
          <reporter-output>
          </reporter-output>
        </test-method> <!-- productImageCountTest -->
        <test-method signature="productImageCountTest(java.lang.String, java.lang.String, int)[pri:0, instance:com.qa.opencart.tests.ProductInfoPageTest@23fb172e]" started-at="2024-06-27T06:33:29 PDT" name="productImageCountTest" data-provider="getProductImageData" finished-at="2024-06-27T06:33:29 PDT" duration-ms="597" status="PASS">
          <params>
            <param index="0">
              <value>
                <![CDATA[samsung]]>
              </value>
            </param>
            <param index="1">
              <value>
                <![CDATA[Samsung Galaxy Tab 10.1]]>
              </value>
            </param>
            <param index="2">
              <value>
                <![CDATA[7]]>
              </value>
            </param>
          </params>
          <reporter-output>
          </reporter-output>
        </test-method> <!-- productImageCountTest -->
        <test-method signature="productImageCountTest(java.lang.String, java.lang.String, int)[pri:0, instance:com.qa.opencart.tests.ProductInfoPageTest@23fb172e]" started-at="2024-06-27T06:33:29 PDT" name="productImageCountTest" data-provider="getProductImageData" finished-at="2024-06-27T06:33:30 PDT" duration-ms="573" status="PASS">
          <params>
            <param index="0">
              <value>
                <![CDATA[canon]]>
              </value>
            </param>
            <param index="1">
              <value>
                <![CDATA[Canon EOS 5D]]>
              </value>
            </param>
            <param index="2">
              <value>
                <![CDATA[3]]>
              </value>
            </param>
          </params>
          <reporter-output>
          </reporter-output>
        </test-method> <!-- productImageCountTest -->
        <test-method signature="productInfoTest()[pri:0, instance:com.qa.opencart.tests.ProductInfoPageTest@23fb172e]" started-at="2024-06-27T06:33:30 PDT" name="productInfoTest" finished-at="2024-06-27T06:33:31 PDT" duration-ms="675" status="PASS">
          <reporter-output>
          </reporter-output>
        </test-method> <!-- productInfoTest -->
        <test-method is-config="true" signature="tearDown()[pri:0, instance:com.qa.opencart.tests.ProductInfoPageTest@23fb172e]" started-at="2024-06-27T06:33:31 PDT" name="tearDown" finished-at="2024-06-27T06:33:32 PDT" duration-ms="1261" status="PASS">
          <reporter-output>
          </reporter-output>
        </test-method> <!-- tearDown -->
      </class> <!-- com.qa.opencart.tests.ProductInfoPageTest -->
    </test> <!-- Product Information Page Test -->
  </suite> <!-- Open Cart App Test Regression Suite -->
</testng-results>
