<?xml version="1.0" encoding="UTF-8"?>
<!-- Generated by org.testng.reporters.JUnitXMLReporter -->
<testsuite ignored="0" hostname="LAPTOP-5FIH6TMR" failures="0" tests="8" name=" Login Page Test_chrome" time="4.474" errors="0" timestamp="2024-06-21T10:17:18 PDT">
  <testcase classname="com.qa.opencart.tests.LoginPageTest" name="loginPageTitleTest" time="0.039"/>
  <testcase classname="com.qa.opencart.tests.LoginPageTest" name="loginPageTitleTest" time="0.043"/>
  <testcase classname="com.qa.opencart.tests.LoginPageTest" name="loginPageUrlTest" time="0.034"/>
  <testcase classname="com.qa.opencart.tests.LoginPageTest" name="loginPageUrlTest" time="0.034"/>
  <testcase classname="com.qa.opencart.tests.LoginPageTest" name="forgotPwdLinkExistTest" time="0.097"/>
  <testcase classname="com.qa.opencart.tests.LoginPageTest" name="forgotPwdLinkExistTest" time="0.15"/>
  <testcase classname="com.qa.opencart.tests.LoginPageTest" name="loginTest" time="0.846"/>
  <testcase classname="com.qa.opencart.tests.LoginPageTest" name="loginTest" time="0.971"/>
</testsuite> <!--  Login Page Test_chrome -->
