<?xml version="1.0" encoding="UTF-8"?>
<!-- Generated by org.testng.reporters.JUnitXMLReporter -->
<testsuite ignored="0" hostname="LAPTOP-5FIH6TMR" failures="0" tests="4" name=" Login Page Test_firefox" time="7.627" errors="0" timestamp="2024-06-21T10:17:22 PDT">
  <testcase classname="com.qa.opencart.tests.LoginPageTest" name="loginPageTitleTest" time="0.017"/>
  <testcase classname="com.qa.opencart.tests.LoginPageTest" name="loginPageUrlTest" time="0.014"/>
  <testcase classname="com.qa.opencart.tests.LoginPageTest" name="forgotPwdLinkExistTest" time="0.284"/>
  <testcase classname="com.qa.opencart.tests.LoginPageTest" name="loginTest" time="0.596"/>
</testsuite> <!--  Login Page Test_firefox -->
