<?xml version="1.0" encoding="UTF-8"?>
<!-- Generated by org.testng.reporters.JUnitXMLReporter -->
<testsuite ignored="0" hostname="LAPTOP-5FIH6TMR" failures="0" tests="4" name=" Login Page Test" time="7.444" errors="0" timestamp="2024-07-02T07:50:19 PDT">
  <testcase classname="com.qa.opencart.tests.LoginPageTest" name="loginPageTitleTest" time="0.678"/>
  <testcase classname="com.qa.opencart.tests.LoginPageTest" name="loginPageUrlTest" time="0.037"/>
  <testcase classname="com.qa.opencart.tests.LoginPageTest" name="forgotPwdLinkExistTest" time="0.635"/>
  <testcase classname="com.qa.opencart.tests.LoginPageTest" name="loginTest" time="2.796"/>
</testsuite> <!--  Login Page Test -->
