<?xml version="1.0" encoding="UTF-8"?>
<!-- Generated by org.testng.reporters.JUnitXMLReporter -->
<testsuite ignored="0" hostname="LAPTOP-5FIH6TMR" failures="0" tests="6" name="Account Page Test" time="17.242" errors="0" timestamp="2024-07-02T07:50:29 PDT">
  <testcase classname="com.qa.opencart.tests.AccountsPageTest" name="accPageHeadersTest" time="0.164"/>
  <testcase classname="com.qa.opencart.tests.AccountsPageTest" name="accPageTitleTest" time="0.014"/>
  <testcase classname="com.qa.opencart.tests.AccountsPageTest" name="searchTest" time="2.303"/>
  <testcase classname="com.qa.opencart.tests.AccountsPageTest" name="searchTest" time="2.151"/>
  <testcase classname="com.qa.opencart.tests.AccountsPageTest" name="searchTest" time="2.067"/>
  <testcase classname="com.qa.opencart.tests.AccountsPageTest" name="searchTest" time="2.083"/>
</testsuite> <!-- Account Page Test -->
