<?xml version="1.0" encoding="UTF-8"?>
<!-- Generated by org.testng.reporters.JUnitXMLReporter -->
<testsuite ignored="0" hostname="LAPTOP-5FIH6TMR" failures="0" tests="4" name="Reg Page Test" time="4.165" errors="0" timestamp="2024-07-02T07:50:24 PDT">
  <testcase classname="com.qa.opencart.tests.RegisterPageTest" name="userRegistrationTest" time="0.0">
    <skipped/>
  </testcase> <!-- userRegistrationTest -->
  <testcase classname="com.qa.opencart.tests.RegisterPageTest" name="userRegistrationTest" time="0.001">
    <skipped/>
  </testcase> <!-- userRegistrationTest -->
  <testcase classname="com.qa.opencart.tests.RegisterPageTest" name="userRegistrationTest" time="0.0">
    <skipped/>
  </testcase> <!-- userRegistrationTest -->
  <testcase classname="com.qa.opencart.tests.RegisterPageTest" name="userRegistrationTest" time="0.0">
    <skipped/>
  </testcase> <!-- userRegistrationTest -->
</testsuite> <!-- Reg Page Test -->
