<?xml version="1.0" encoding="UTF-8"?>
<!-- Generated by org.testng.reporters.JUnitXMLReporter -->
<testsuite ignored="0" hostname="LAPTOP-5FIH6TMR" failures="0" tests="10" name="Account Page Test" time="14.208" errors="0" timestamp="2024-06-27T06:33:27 PDT">
  <testcase classname="com.qa.opencart.tests.AccountsPageTest" name="accPageHeadersTest" time="0.152"/>
  <testcase classname="com.qa.opencart.tests.AccountsPageTest" name="accPageTitleTest" time="0.013"/>
  <testcase classname="com.qa.opencart.tests.AccountsPageTest" name="searchTest" time="0.416"/>
  <testcase classname="com.qa.opencart.tests.ProductInfoPageTest" name="productHeaderTest" time="1.505"/>
  <testcase classname="com.qa.opencart.tests.AccountsPageTest" name="searchTest" time="0.483"/>
  <testcase classname="com.qa.opencart.tests.AccountsPageTest" name="searchTest" time="0.384"/>
  <testcase classname="com.qa.opencart.tests.AccountsPageTest" name="searchTest" time="0.376"/>
  <testcase classname="com.qa.opencart.tests.ProductInfoPageTest" name="productHeaderTest" time="1.352"/>
  <testcase classname="com.qa.opencart.tests.ProductInfoPageTest" name="productHeaderTest" time="1.146"/>
  <testcase classname="com.qa.opencart.tests.ProductInfoPageTest" name="productHeaderTest" time="0.637"/>
</testsuite> <!-- Account Page Test -->
